{
  "uid" : "7038f4e45351ffb5",
  "name" : "To place an order from wpmobilePack",
  "fullName" : "Wpmobile ecommerce site feature: To place an order from wpmobilePack",
  "historyId" : "f51c2ec494c4a177bc06ec7c14bcfb8",
  "time" : {
    "start" : 1589955512806,
    "stop" : 1589955521457,
    "duration" : 8651
  },
  "status" : "broken",
  "statusMessage" : "gherkin/formatter/Reporter",
  "statusTrace" : "java.lang.NoClassDefFoundError: gherkin/formatter/Reporter\r\n\tat java.lang.ClassLoader.defineClass1(Native Method)\r\n\tat java.lang.ClassLoader.defineClass(ClassLoader.java:763)\r\n\tat java.security.SecureClassLoader.defineClass(SecureClassLoader.java:142)\r\n\tat java.net.URLClassLoader.defineClass(URLClassLoader.java:467)\r\n\tat java.net.URLClassLoader.access$100(URLClassLoader.java:73)\r\n\tat java.net.URLClassLoader$1.run(URLClassLoader.java:368)\r\n\tat java.net.URLClassLoader$1.run(URLClassLoader.java:362)\r\n\tat java.security.AccessController.doPrivileged(Native Method)\r\n\tat java.net.URLClassLoader.findClass(URLClassLoader.java:361)\r\n\tat java.lang.ClassLoader.loadClass(ClassLoader.java:424)\r\n\tat sun.misc.Launcher$AppClassLoader.loadClass(Launcher.java:349)\r\n\tat java.lang.ClassLoader.loadClass(ClassLoader.java:357)\r\n\tat com.vimalselvam.cucumber.listener.Reporter.getCurrentStep(Reporter.java:162)\r\n\tat com.vimalselvam.cucumber.listener.Reporter.addScreenCaptureFromPath(Reporter.java:94)\r\n\tat actions.WpmobilePackActions.selectProduct(WpmobilePackActions.java:120)\r\n\tat stepDefinitions.WpmobileStepDefinition.i_select_product_from_home(WpmobileStepDefinition.java:82)\r\n\tat ✽.i select product \"Patient Ninja\" from home(file:src/test/resources/features/wpmobile.feature:7)\r\nCaused by: java.lang.ClassNotFoundException: gherkin.formatter.Reporter\r\n\tat java.net.URLClassLoader.findClass(URLClassLoader.java:381)\r\n\tat java.lang.ClassLoader.loadClass(ClassLoader.java:424)\r\n\tat sun.misc.Launcher$AppClassLoader.loadClass(Launcher.java:349)\r\n\tat java.lang.ClassLoader.loadClass(ClassLoader.java:357)\r\n\tat java.lang.ClassLoader.defineClass1(Native Method)\r\n\tat java.lang.ClassLoader.defineClass(ClassLoader.java:763)\r\n\tat java.security.SecureClassLoader.defineClass(SecureClassLoader.java:142)\r\n\tat java.net.URLClassLoader.defineClass(URLClassLoader.java:467)\r\n\tat java.net.URLClassLoader.access$100(URLClassLoader.java:73)\r\n\tat java.net.URLClassLoader$1.run(URLClassLoader.java:368)\r\n\tat java.net.URLClassLoader$1.run(URLClassLoader.java:362)\r\n\tat java.security.AccessController.doPrivileged(Native Method)\r\n\tat java.net.URLClassLoader.findClass(URLClassLoader.java:361)\r\n\tat java.lang.ClassLoader.loadClass(ClassLoader.java:424)\r\n\tat sun.misc.Launcher$AppClassLoader.loadClass(Launcher.java:349)\r\n\tat java.lang.ClassLoader.loadClass(ClassLoader.java:357)\r\n\tat com.vimalselvam.cucumber.listener.Reporter.getCurrentStep(Reporter.java:162)\r\n\tat com.vimalselvam.cucumber.listener.Reporter.addScreenCaptureFromPath(Reporter.java:94)\r\n\tat actions.WpmobilePackActions.selectProduct(WpmobilePackActions.java:120)\r\n\tat stepDefinitions.WpmobileStepDefinition.i_select_product_from_home(WpmobileStepDefinition.java:82)\r\n\tat sun.reflect.NativeMethodAccessorImpl.invoke0(Native Method)\r\n\tat sun.reflect.NativeMethodAccessorImpl.invoke(NativeMethodAccessorImpl.java:62)\r\n\tat sun.reflect.DelegatingMethodAccessorImpl.invoke(DelegatingMethodAccessorImpl.java:43)\r\n\tat java.lang.reflect.Method.invoke(Method.java:498)\r\n\tat cucumber.runtime.Utils$1.call(Utils.java:26)\r\n\tat cucumber.runtime.Timeout.timeout(Timeout.java:16)\r\n\tat cucumber.runtime.Utils.invoke(Utils.java:20)\r\n\tat cucumber.runtime.java.JavaStepDefinition.execute(JavaStepDefinition.java:57)\r\n\tat cucumber.runner.PickleStepDefinitionMatch.runStep(PickleStepDefinitionMatch.java:50)\r\n\tat cucumber.runner.TestStep.executeStep(TestStep.java:65)\r\n\tat cucumber.runner.TestStep.run(TestStep.java:50)\r\n\tat cucumber.runner.PickleStepTestStep.run(PickleStepTestStep.java:43)\r\n\tat cucumber.runner.TestCase.run(TestCase.java:46)\r\n\tat cucumber.runner.Runner.runPickle(Runner.java:50)\r\n\tat io.cucumber.junit.PickleRunners$NoStepDescriptions.run(PickleRunners.java:146)\r\n\tat io.cucumber.junit.FeatureRunner.runChild(FeatureRunner.java:68)\r\n\tat io.cucumber.junit.FeatureRunner.runChild(FeatureRunner.java:23)\r\n\tat org.junit.runners.ParentRunner$3.run(ParentRunner.java:290)\r\n\tat org.junit.runners.ParentRunner$1.schedule(ParentRunner.java:71)\r\n\tat org.junit.runners.ParentRunner.runChildren(ParentRunner.java:288)\r\n\tat org.junit.runners.ParentRunner.access$000(ParentRunner.java:58)\r\n\tat org.junit.runners.ParentRunner$2.evaluate(ParentRunner.java:268)\r\n\tat org.junit.runners.ParentRunner.run(ParentRunner.java:363)\r\n\tat io.cucumber.junit.Cucumber.runChild(Cucumber.java:144)\r\n\tat io.cucumber.junit.Cucumber.runChild(Cucumber.java:65)\r\n\tat org.junit.runners.ParentRunner$3.run(ParentRunner.java:290)\r\n\tat org.junit.runners.ParentRunner$1.schedule(ParentRunner.java:71)\r\n\tat org.junit.runners.ParentRunner.runChildren(ParentRunner.java:288)\r\n\tat org.junit.runners.ParentRunner.access$000(ParentRunner.java:58)\r\n\tat org.junit.runners.ParentRunner$2.evaluate(ParentRunner.java:268)\r\n\tat io.cucumber.junit.Cucumber$RunCucumber.evaluate(Cucumber.java:174)\r\n\tat org.junit.runners.ParentRunner.run(ParentRunner.java:363)\r\n\tat org.junit.runner.JUnitCore.run(JUnitCore.java:137)\r\n\tat org.junit.runner.JUnitCore.run(JUnitCore.java:115)\r\n\tat org.testng.junit.JUnit4TestRunner.start(JUnit4TestRunner.java:82)\r\n\tat org.testng.junit.JUnit4TestRunner.run(JUnit4TestRunner.java:70)\r\n\tat org.testng.TestRunner$1.run(TestRunner.java:570)\r\n\tat org.testng.TestRunner.runJUnitWorkers(TestRunner.java:717)\r\n\tat org.testng.TestRunner.privateRunJUnit(TestRunner.java:601)\r\n\tat org.testng.TestRunner.run(TestRunner.java:502)\r\n\tat org.testng.SuiteRunner.runTest(SuiteRunner.java:455)\r\n\tat org.testng.SuiteRunner.runSequentially(SuiteRunner.java:450)\r\n\tat org.testng.SuiteRunner.privateRun(SuiteRunner.java:415)\r\n\tat org.testng.SuiteRunner.run(SuiteRunner.java:364)\r\n\tat org.testng.SuiteRunnerWorker.runSuite(SuiteRunnerWorker.java:52)\r\n\tat org.testng.SuiteRunnerWorker.run(SuiteRunnerWorker.java:84)\r\n\tat org.testng.TestNG.runSuitesSequentially(TestNG.java:1208)\r\n\tat org.testng.TestNG.runSuitesLocally(TestNG.java:1137)\r\n\tat org.testng.TestNG.runSuites(TestNG.java:1049)\r\n\tat org.testng.TestNG.run(TestNG.java:1017)\r\n\tat org.apache.maven.surefire.testng.TestNGExecutor.run(TestNGExecutor.java:135)\r\n\tat org.apache.maven.surefire.testng.TestNGDirectoryTestSuite.executeSingleClass(TestNGDirectoryTestSuite.java:112)\r\n\tat org.apache.maven.surefire.testng.TestNGDirectoryTestSuite.execute(TestNGDirectoryTestSuite.java:99)\r\n\tat org.apache.maven.surefire.testng.TestNGProvider.invoke(TestNGProvider.java:146)\r\n\tat org.apache.maven.surefire.booter.ForkedBooter.invokeProviderInSameClassLoader(ForkedBooter.java:384)\r\n\tat org.apache.maven.surefire.booter.ForkedBooter.runSuitesInProcess(ForkedBooter.java:345)\r\n\tat org.apache.maven.surefire.booter.ForkedBooter.execute(ForkedBooter.java:126)\r\n\tat org.apache.maven.surefire.booter.ForkedBooter.main(ForkedBooter.java:418)\r\n",
  "flaky" : false,
  "newFailed" : false,
  "beforeStages" : [ {
    "name" : "ToolsQAStepDefinition.initialSetup(Scenario)",
    "time" : {
      "start" : 1589955512811,
      "stop" : 1589955512814,
      "duration" : 3
    },
    "status" : "passed",
    "steps" : [ ],
    "attachments" : [ ],
    "parameters" : [ ],
    "hasContent" : false,
    "stepsCount" : 0,
    "attachmentsCount" : 0,
    "shouldDisplayMessage" : false
  }, {
    "name" : "WpmobileStepDefinition.initialSetup(Scenario)",
    "time" : {
      "start" : 1589955512815,
      "stop" : 1589955512818,
      "duration" : 3
    },
    "status" : "passed",
    "steps" : [ ],
    "attachments" : [ ],
    "parameters" : [ ],
    "hasContent" : false,
    "stepsCount" : 0,
    "attachmentsCount" : 0,
    "shouldDisplayMessage" : false
  } ],
  "testStage" : {
    "status" : "broken",
    "statusMessage" : "gherkin/formatter/Reporter",
    "statusTrace" : "java.lang.NoClassDefFoundError: gherkin/formatter/Reporter\r\n\tat java.lang.ClassLoader.defineClass1(Native Method)\r\n\tat java.lang.ClassLoader.defineClass(ClassLoader.java:763)\r\n\tat java.security.SecureClassLoader.defineClass(SecureClassLoader.java:142)\r\n\tat java.net.URLClassLoader.defineClass(URLClassLoader.java:467)\r\n\tat java.net.URLClassLoader.access$100(URLClassLoader.java:73)\r\n\tat java.net.URLClassLoader$1.run(URLClassLoader.java:368)\r\n\tat java.net.URLClassLoader$1.run(URLClassLoader.java:362)\r\n\tat java.security.AccessController.doPrivileged(Native Method)\r\n\tat java.net.URLClassLoader.findClass(URLClassLoader.java:361)\r\n\tat java.lang.ClassLoader.loadClass(ClassLoader.java:424)\r\n\tat sun.misc.Launcher$AppClassLoader.loadClass(Launcher.java:349)\r\n\tat java.lang.ClassLoader.loadClass(ClassLoader.java:357)\r\n\tat com.vimalselvam.cucumber.listener.Reporter.getCurrentStep(Reporter.java:162)\r\n\tat com.vimalselvam.cucumber.listener.Reporter.addScreenCaptureFromPath(Reporter.java:94)\r\n\tat actions.WpmobilePackActions.selectProduct(WpmobilePackActions.java:120)\r\n\tat stepDefinitions.WpmobileStepDefinition.i_select_product_from_home(WpmobileStepDefinition.java:82)\r\n\tat ✽.i select product \"Patient Ninja\" from home(file:src/test/resources/features/wpmobile.feature:7)\r\nCaused by: java.lang.ClassNotFoundException: gherkin.formatter.Reporter\r\n\tat java.net.URLClassLoader.findClass(URLClassLoader.java:381)\r\n\tat java.lang.ClassLoader.loadClass(ClassLoader.java:424)\r\n\tat sun.misc.Launcher$AppClassLoader.loadClass(Launcher.java:349)\r\n\tat java.lang.ClassLoader.loadClass(ClassLoader.java:357)\r\n\tat java.lang.ClassLoader.defineClass1(Native Method)\r\n\tat java.lang.ClassLoader.defineClass(ClassLoader.java:763)\r\n\tat java.security.SecureClassLoader.defineClass(SecureClassLoader.java:142)\r\n\tat java.net.URLClassLoader.defineClass(URLClassLoader.java:467)\r\n\tat java.net.URLClassLoader.access$100(URLClassLoader.java:73)\r\n\tat java.net.URLClassLoader$1.run(URLClassLoader.java:368)\r\n\tat java.net.URLClassLoader$1.run(URLClassLoader.java:362)\r\n\tat java.security.AccessController.doPrivileged(Native Method)\r\n\tat java.net.URLClassLoader.findClass(URLClassLoader.java:361)\r\n\tat java.lang.ClassLoader.loadClass(ClassLoader.java:424)\r\n\tat sun.misc.Launcher$AppClassLoader.loadClass(Launcher.java:349)\r\n\tat java.lang.ClassLoader.loadClass(ClassLoader.java:357)\r\n\tat com.vimalselvam.cucumber.listener.Reporter.getCurrentStep(Reporter.java:162)\r\n\tat com.vimalselvam.cucumber.listener.Reporter.addScreenCaptureFromPath(Reporter.java:94)\r\n\tat actions.WpmobilePackActions.selectProduct(WpmobilePackActions.java:120)\r\n\tat stepDefinitions.WpmobileStepDefinition.i_select_product_from_home(WpmobileStepDefinition.java:82)\r\n\tat sun.reflect.NativeMethodAccessorImpl.invoke0(Native Method)\r\n\tat sun.reflect.NativeMethodAccessorImpl.invoke(NativeMethodAccessorImpl.java:62)\r\n\tat sun.reflect.DelegatingMethodAccessorImpl.invoke(DelegatingMethodAccessorImpl.java:43)\r\n\tat java.lang.reflect.Method.invoke(Method.java:498)\r\n\tat cucumber.runtime.Utils$1.call(Utils.java:26)\r\n\tat cucumber.runtime.Timeout.timeout(Timeout.java:16)\r\n\tat cucumber.runtime.Utils.invoke(Utils.java:20)\r\n\tat cucumber.runtime.java.JavaStepDefinition.execute(JavaStepDefinition.java:57)\r\n\tat cucumber.runner.PickleStepDefinitionMatch.runStep(PickleStepDefinitionMatch.java:50)\r\n\tat cucumber.runner.TestStep.executeStep(TestStep.java:65)\r\n\tat cucumber.runner.TestStep.run(TestStep.java:50)\r\n\tat cucumber.runner.PickleStepTestStep.run(PickleStepTestStep.java:43)\r\n\tat cucumber.runner.TestCase.run(TestCase.java:46)\r\n\tat cucumber.runner.Runner.runPickle(Runner.java:50)\r\n\tat io.cucumber.junit.PickleRunners$NoStepDescriptions.run(PickleRunners.java:146)\r\n\tat io.cucumber.junit.FeatureRunner.runChild(FeatureRunner.java:68)\r\n\tat io.cucumber.junit.FeatureRunner.runChild(FeatureRunner.java:23)\r\n\tat org.junit.runners.ParentRunner$3.run(ParentRunner.java:290)\r\n\tat org.junit.runners.ParentRunner$1.schedule(ParentRunner.java:71)\r\n\tat org.junit.runners.ParentRunner.runChildren(ParentRunner.java:288)\r\n\tat org.junit.runners.ParentRunner.access$000(ParentRunner.java:58)\r\n\tat org.junit.runners.ParentRunner$2.evaluate(ParentRunner.java:268)\r\n\tat org.junit.runners.ParentRunner.run(ParentRunner.java:363)\r\n\tat io.cucumber.junit.Cucumber.runChild(Cucumber.java:144)\r\n\tat io.cucumber.junit.Cucumber.runChild(Cucumber.java:65)\r\n\tat org.junit.runners.ParentRunner$3.run(ParentRunner.java:290)\r\n\tat org.junit.runners.ParentRunner$1.schedule(ParentRunner.java:71)\r\n\tat org.junit.runners.ParentRunner.runChildren(ParentRunner.java:288)\r\n\tat org.junit.runners.ParentRunner.access$000(ParentRunner.java:58)\r\n\tat org.junit.runners.ParentRunner$2.evaluate(ParentRunner.java:268)\r\n\tat io.cucumber.junit.Cucumber$RunCucumber.evaluate(Cucumber.java:174)\r\n\tat org.junit.runners.ParentRunner.run(ParentRunner.java:363)\r\n\tat org.junit.runner.JUnitCore.run(JUnitCore.java:137)\r\n\tat org.junit.runner.JUnitCore.run(JUnitCore.java:115)\r\n\tat org.testng.junit.JUnit4TestRunner.start(JUnit4TestRunner.java:82)\r\n\tat org.testng.junit.JUnit4TestRunner.run(JUnit4TestRunner.java:70)\r\n\tat org.testng.TestRunner$1.run(TestRunner.java:570)\r\n\tat org.testng.TestRunner.runJUnitWorkers(TestRunner.java:717)\r\n\tat org.testng.TestRunner.privateRunJUnit(TestRunner.java:601)\r\n\tat org.testng.TestRunner.run(TestRunner.java:502)\r\n\tat org.testng.SuiteRunner.runTest(SuiteRunner.java:455)\r\n\tat org.testng.SuiteRunner.runSequentially(SuiteRunner.java:450)\r\n\tat org.testng.SuiteRunner.privateRun(SuiteRunner.java:415)\r\n\tat org.testng.SuiteRunner.run(SuiteRunner.java:364)\r\n\tat org.testng.SuiteRunnerWorker.runSuite(SuiteRunnerWorker.java:52)\r\n\tat org.testng.SuiteRunnerWorker.run(SuiteRunnerWorker.java:84)\r\n\tat org.testng.TestNG.runSuitesSequentially(TestNG.java:1208)\r\n\tat org.testng.TestNG.runSuitesLocally(TestNG.java:1137)\r\n\tat org.testng.TestNG.runSuites(TestNG.java:1049)\r\n\tat org.testng.TestNG.run(TestNG.java:1017)\r\n\tat org.apache.maven.surefire.testng.TestNGExecutor.run(TestNGExecutor.java:135)\r\n\tat org.apache.maven.surefire.testng.TestNGDirectoryTestSuite.executeSingleClass(TestNGDirectoryTestSuite.java:112)\r\n\tat org.apache.maven.surefire.testng.TestNGDirectoryTestSuite.execute(TestNGDirectoryTestSuite.java:99)\r\n\tat org.apache.maven.surefire.testng.TestNGProvider.invoke(TestNGProvider.java:146)\r\n\tat org.apache.maven.surefire.booter.ForkedBooter.invokeProviderInSameClassLoader(ForkedBooter.java:384)\r\n\tat org.apache.maven.surefire.booter.ForkedBooter.runSuitesInProcess(ForkedBooter.java:345)\r\n\tat org.apache.maven.surefire.booter.ForkedBooter.execute(ForkedBooter.java:126)\r\n\tat org.apache.maven.surefire.booter.ForkedBooter.main(ForkedBooter.java:418)\r\n",
    "steps" : [ {
      "name" : "Given  i have privileges to access wpmobilePack site",
      "time" : {
        "start" : 1589955512818,
        "stop" : 1589955519638,
        "duration" : 6820
      },
      "status" : "passed",
      "steps" : [ ],
      "attachments" : [ {
        "uid" : "c73f5235504b047",
        "name" : "Screenshot",
        "source" : "c73f5235504b047.png",
        "type" : "image/png",
        "size" : 34786
      } ],
      "parameters" : [ ],
      "hasContent" : true,
      "stepsCount" : 0,
      "attachmentsCount" : 1,
      "shouldDisplayMessage" : false
    }, {
      "name" : "When  i select product \"Patient Ninja\" from home",
      "time" : {
        "start" : 1589955519638,
        "stop" : 1589955521152,
        "duration" : 1514
      },
      "status" : "broken",
      "statusMessage" : "gherkin/formatter/Reporter",
      "statusTrace" : "java.lang.NoClassDefFoundError: gherkin/formatter/Reporter\r\n\tat java.lang.ClassLoader.defineClass1(Native Method)\r\n\tat java.lang.ClassLoader.defineClass(ClassLoader.java:763)\r\n\tat java.security.SecureClassLoader.defineClass(SecureClassLoader.java:142)\r\n\tat java.net.URLClassLoader.defineClass(URLClassLoader.java:467)\r\n\tat java.net.URLClassLoader.access$100(URLClassLoader.java:73)\r\n\tat java.net.URLClassLoader$1.run(URLClassLoader.java:368)\r\n\tat java.net.URLClassLoader$1.run(URLClassLoader.java:362)\r\n\tat java.security.AccessController.doPrivileged(Native Method)\r\n\tat java.net.URLClassLoader.findClass(URLClassLoader.java:361)\r\n\tat java.lang.ClassLoader.loadClass(ClassLoader.java:424)\r\n\tat sun.misc.Launcher$AppClassLoader.loadClass(Launcher.java:349)\r\n\tat java.lang.ClassLoader.loadClass(ClassLoader.java:357)\r\n\tat com.vimalselvam.cucumber.listener.Reporter.getCurrentStep(Reporter.java:162)\r\n\tat com.vimalselvam.cucumber.listener.Reporter.addScreenCaptureFromPath(Reporter.java:94)\r\n\tat actions.WpmobilePackActions.selectProduct(WpmobilePackActions.java:120)\r\n\tat stepDefinitions.WpmobileStepDefinition.i_select_product_from_home(WpmobileStepDefinition.java:82)\r\n\tat ✽.i select product \"Patient Ninja\" from home(file:src/test/resources/features/wpmobile.feature:7)\r\nCaused by: java.lang.ClassNotFoundException: gherkin.formatter.Reporter\r\n\tat java.net.URLClassLoader.findClass(URLClassLoader.java:381)\r\n\tat java.lang.ClassLoader.loadClass(ClassLoader.java:424)\r\n\tat sun.misc.Launcher$AppClassLoader.loadClass(Launcher.java:349)\r\n\tat java.lang.ClassLoader.loadClass(ClassLoader.java:357)\r\n\tat java.lang.ClassLoader.defineClass1(Native Method)\r\n\tat java.lang.ClassLoader.defineClass(ClassLoader.java:763)\r\n\tat java.security.SecureClassLoader.defineClass(SecureClassLoader.java:142)\r\n\tat java.net.URLClassLoader.defineClass(URLClassLoader.java:467)\r\n\tat java.net.URLClassLoader.access$100(URLClassLoader.java:73)\r\n\tat java.net.URLClassLoader$1.run(URLClassLoader.java:368)\r\n\tat java.net.URLClassLoader$1.run(URLClassLoader.java:362)\r\n\tat java.security.AccessController.doPrivileged(Native Method)\r\n\tat java.net.URLClassLoader.findClass(URLClassLoader.java:361)\r\n\tat java.lang.ClassLoader.loadClass(ClassLoader.java:424)\r\n\tat sun.misc.Launcher$AppClassLoader.loadClass(Launcher.java:349)\r\n\tat java.lang.ClassLoader.loadClass(ClassLoader.java:357)\r\n\tat com.vimalselvam.cucumber.listener.Reporter.getCurrentStep(Reporter.java:162)\r\n\tat com.vimalselvam.cucumber.listener.Reporter.addScreenCaptureFromPath(Reporter.java:94)\r\n\tat actions.WpmobilePackActions.selectProduct(WpmobilePackActions.java:120)\r\n\tat stepDefinitions.WpmobileStepDefinition.i_select_product_from_home(WpmobileStepDefinition.java:82)\r\n\tat sun.reflect.NativeMethodAccessorImpl.invoke0(Native Method)\r\n\tat sun.reflect.NativeMethodAccessorImpl.invoke(NativeMethodAccessorImpl.java:62)\r\n\tat sun.reflect.DelegatingMethodAccessorImpl.invoke(DelegatingMethodAccessorImpl.java:43)\r\n\tat java.lang.reflect.Method.invoke(Method.java:498)\r\n\tat cucumber.runtime.Utils$1.call(Utils.java:26)\r\n\tat cucumber.runtime.Timeout.timeout(Timeout.java:16)\r\n\tat cucumber.runtime.Utils.invoke(Utils.java:20)\r\n\tat cucumber.runtime.java.JavaStepDefinition.execute(JavaStepDefinition.java:57)\r\n\tat cucumber.runner.PickleStepDefinitionMatch.runStep(PickleStepDefinitionMatch.java:50)\r\n\tat cucumber.runner.TestStep.executeStep(TestStep.java:65)\r\n\tat cucumber.runner.TestStep.run(TestStep.java:50)\r\n\tat cucumber.runner.PickleStepTestStep.run(PickleStepTestStep.java:43)\r\n\tat cucumber.runner.TestCase.run(TestCase.java:46)\r\n\tat cucumber.runner.Runner.runPickle(Runner.java:50)\r\n\tat io.cucumber.junit.PickleRunners$NoStepDescriptions.run(PickleRunners.java:146)\r\n\tat io.cucumber.junit.FeatureRunner.runChild(FeatureRunner.java:68)\r\n\tat io.cucumber.junit.FeatureRunner.runChild(FeatureRunner.java:23)\r\n\tat org.junit.runners.ParentRunner$3.run(ParentRunner.java:290)\r\n\tat org.junit.runners.ParentRunner$1.schedule(ParentRunner.java:71)\r\n\tat org.junit.runners.ParentRunner.runChildren(ParentRunner.java:288)\r\n\tat org.junit.runners.ParentRunner.access$000(ParentRunner.java:58)\r\n\tat org.junit.runners.ParentRunner$2.evaluate(ParentRunner.java:268)\r\n\tat org.junit.runners.ParentRunner.run(ParentRunner.java:363)\r\n\tat io.cucumber.junit.Cucumber.runChild(Cucumber.java:144)\r\n\tat io.cucumber.junit.Cucumber.runChild(Cucumber.java:65)\r\n\tat org.junit.runners.ParentRunner$3.run(ParentRunner.java:290)\r\n\tat org.junit.runners.ParentRunner$1.schedule(ParentRunner.java:71)\r\n\tat org.junit.runners.ParentRunner.runChildren(ParentRunner.java:288)\r\n\tat org.junit.runners.ParentRunner.access$000(ParentRunner.java:58)\r\n\tat org.junit.runners.ParentRunner$2.evaluate(ParentRunner.java:268)\r\n\tat io.cucumber.junit.Cucumber$RunCucumber.evaluate(Cucumber.java:174)\r\n\tat org.junit.runners.ParentRunner.run(ParentRunner.java:363)\r\n\tat org.junit.runner.JUnitCore.run(JUnitCore.java:137)\r\n\tat org.junit.runner.JUnitCore.run(JUnitCore.java:115)\r\n\tat org.testng.junit.JUnit4TestRunner.start(JUnit4TestRunner.java:82)\r\n\tat org.testng.junit.JUnit4TestRunner.run(JUnit4TestRunner.java:70)\r\n\tat org.testng.TestRunner$1.run(TestRunner.java:570)\r\n\tat org.testng.TestRunner.runJUnitWorkers(TestRunner.java:717)\r\n\tat org.testng.TestRunner.privateRunJUnit(TestRunner.java:601)\r\n\tat org.testng.TestRunner.run(TestRunner.java:502)\r\n\tat org.testng.SuiteRunner.runTest(SuiteRunner.java:455)\r\n\tat org.testng.SuiteRunner.runSequentially(SuiteRunner.java:450)\r\n\tat org.testng.SuiteRunner.privateRun(SuiteRunner.java:415)\r\n\tat org.testng.SuiteRunner.run(SuiteRunner.java:364)\r\n\tat org.testng.SuiteRunnerWorker.runSuite(SuiteRunnerWorker.java:52)\r\n\tat org.testng.SuiteRunnerWorker.run(SuiteRunnerWorker.java:84)\r\n\tat org.testng.TestNG.runSuitesSequentially(TestNG.java:1208)\r\n\tat org.testng.TestNG.runSuitesLocally(TestNG.java:1137)\r\n\tat org.testng.TestNG.runSuites(TestNG.java:1049)\r\n\tat org.testng.TestNG.run(TestNG.java:1017)\r\n\tat org.apache.maven.surefire.testng.TestNGExecutor.run(TestNGExecutor.java:135)\r\n\tat org.apache.maven.surefire.testng.TestNGDirectoryTestSuite.executeSingleClass(TestNGDirectoryTestSuite.java:112)\r\n\tat org.apache.maven.surefire.testng.TestNGDirectoryTestSuite.execute(TestNGDirectoryTestSuite.java:99)\r\n\tat org.apache.maven.surefire.testng.TestNGProvider.invoke(TestNGProvider.java:146)\r\n\tat org.apache.maven.surefire.booter.ForkedBooter.invokeProviderInSameClassLoader(ForkedBooter.java:384)\r\n\tat org.apache.maven.surefire.booter.ForkedBooter.runSuitesInProcess(ForkedBooter.java:345)\r\n\tat org.apache.maven.surefire.booter.ForkedBooter.execute(ForkedBooter.java:126)\r\n\tat org.apache.maven.surefire.booter.ForkedBooter.main(ForkedBooter.java:418)\r\n",
      "steps" : [ ],
      "attachments" : [ ],
      "parameters" : [ ],
      "hasContent" : true,
      "stepsCount" : 0,
      "attachmentsCount" : 0,
      "shouldDisplayMessage" : true
    }, {
      "name" : "And  add the selected product to cart \"Patient Ninja was added to your shopping cart\"",
      "time" : {
        "start" : 1589955521156,
        "stop" : 1589955521157,
        "duration" : 1
      },
      "status" : "skipped",
      "steps" : [ ],
      "attachments" : [ ],
      "parameters" : [ ],
      "hasContent" : false,
      "stepsCount" : 0,
      "attachmentsCount" : 0,
      "shouldDisplayMessage" : false
    }, {
      "name" : "Then  go to checkout page , fill the required fields and place the order",
      "time" : {
        "start" : 1589955521159,
        "stop" : 1589955521168,
        "duration" : 9
      },
      "status" : "skipped",
      "steps" : [ ],
      "attachments" : [ {
        "uid" : "2a4a223a27eae436",
        "name" : "Data table",
        "source" : "2a4a223a27eae436.csv",
        "type" : "text/tab-separated-values",
        "size" : 210
      } ],
      "parameters" : [ ],
      "hasContent" : true,
      "stepsCount" : 0,
      "attachmentsCount" : 1,
      "shouldDisplayMessage" : false
    }, {
      "name" : "Then  order has been successfully placed \"Order received\"",
      "time" : {
        "start" : 1589955521168,
        "stop" : 1589955521169,
        "duration" : 1
      },
      "status" : "skipped",
      "steps" : [ ],
      "attachments" : [ ],
      "parameters" : [ ],
      "hasContent" : false,
      "stepsCount" : 0,
      "attachmentsCount" : 0,
      "shouldDisplayMessage" : false
    } ],
    "attachments" : [ ],
    "parameters" : [ ],
    "hasContent" : true,
    "stepsCount" : 5,
    "attachmentsCount" : 2,
    "shouldDisplayMessage" : false
  },
  "afterStages" : [ {
    "name" : "ToolsQAStepDefinition.afterScenario(Scenario)",
    "time" : {
      "start" : 1589955521170,
      "stop" : 1589955521455,
      "duration" : 285
    },
    "status" : "passed",
    "steps" : [ ],
    "attachments" : [ {
      "uid" : "f03a55abca48a6be",
      "name" : "Screenshot",
      "source" : "f03a55abca48a6be.png",
      "type" : "image/png",
      "size" : 62052
    }, {
      "uid" : "2cfb86f4733b808c",
      "name" : "Text output",
      "source" : "2cfb86f4733b808c.txt",
      "type" : "text/plain",
      "size" : 20
    } ],
    "parameters" : [ ],
    "hasContent" : true,
    "stepsCount" : 0,
    "attachmentsCount" : 2,
    "shouldDisplayMessage" : false
  } ],
  "labels" : [ {
    "name" : "tag",
    "value" : "SampleFeature_WPmobile"
  }, {
    "name" : "tag",
    "value" : "PlaceOrder"
  }, {
    "name" : "host",
    "value" : "ASBLP026"
  }, {
    "name" : "thread",
    "value" : "23964@ASBLP026.main(1)"
  }, {
    "name" : "feature",
    "value" : "Wpmobile ecommerce site feature"
  }, {
    "name" : "story",
    "value" : "To place an order from wpmobilePack"
  }, {
    "name" : "package",
    "value" : "src.test.resources.features.Wpmobile ecommerce site feature"
  }, {
    "name" : "suite",
    "value" : "Wpmobile ecommerce site feature"
  }, {
    "name" : "testClass",
    "value" : "To place an order from wpmobilePack"
  }, {
    "name" : "framework",
    "value" : "cucumber4jvm"
  }, {
    "name" : "language",
    "value" : "java"
  }, {
    "name" : "gherkin_uri",
    "value" : "file:src/test/resources/features/wpmobile.feature"
  }, {
    "name" : "resultFormat",
    "value" : "allure2"
  } ],
  "parameters" : [ ],
  "links" : [ ],
  "hidden" : false,
  "retry" : false,
  "extra" : {
    "severity" : "normal",
    "retries" : [ ],
    "categories" : [ {
      "name" : "Test defects",
      "matchedStatuses" : [ ],
      "flaky" : false
    } ],
    "history" : {
      "statistic" : {
        "failed" : 0,
        "broken" : 2,
        "skipped" : 0,
        "passed" : 0,
        "unknown" : 0,
        "total" : 2
      },
      "items" : [ {
        "uid" : "109232a2683bf014",
        "reportUrl" : "http://localhost:8080/job/CucumberProject/9/allure/#testresult/109232a2683bf014",
        "status" : "broken",
        "statusDetails" : "gherkin/formatter/Reporter",
        "time" : {
          "start" : 1589953281959,
          "stop" : 1589953307201,
          "duration" : 25242
        }
      } ]
    },
    "tags" : [ "PlaceOrder", "SampleFeature_WPmobile" ]
  },
  "source" : "7038f4e45351ffb5.json",
  "parameterValues" : [ ]
}